<?xml version="1.0" encoding="UTF-8"?>
<testsuite name="kr.mzhub.mzhub.MzHubApplicationTests" tests="1" skipped="0" failures="0" errors="0" timestamp="2023-02-09T11:10:29" hostname="aceui-MacBookPro.local" time="0.157">
  <properties/>
  <testcase name="contextLoads()" classname="kr.mzhub.mzhub.MzHubApplicationTests" time="0.157"/>
  <system-out><![CDATA[20:10:28.872 [Test worker] DEBUG org.springframework.test.context.BootstrapUtils - Instantiating CacheAwareContextLoaderDelegate from class [org.springframework.test.context.cache.DefaultCacheAwareContextLoaderDelegate]
20:10:28.877 [Test worker] DEBUG org.springframework.test.context.BootstrapUtils - Instantiating BootstrapContext using constructor [public org.springframework.test.context.support.DefaultBootstrapContext(java.lang.Class,org.springframework.test.context.CacheAwareContextLoaderDelegate)]
20:10:28.892 [Test worker] DEBUG org.springframework.test.context.BootstrapUtils - Instantiating TestContextBootstrapper for test class [kr.mzhub.mzhub.MzHubApplicationTests] from class [org.springframework.boot.test.context.SpringBootTestContextBootstrapper]
20:10:28.898 [Test worker] INFO org.springframework.boot.test.context.SpringBootTestContextBootstrapper - Neither @ContextConfiguration nor @ContextHierarchy found for test class [kr.mzhub.mzhub.MzHubApplicationTests], using SpringBootContextLoader
20:10:28.899 [Test worker] DEBUG org.springframework.test.context.support.AbstractContextLoader - Did not detect default resource location for test class [kr.mzhub.mzhub.MzHubApplicationTests]: class path resource [kr/mzhub/mzhub/MzHubApplicationTests-context.xml] does not exist
20:10:28.899 [Test worker] DEBUG org.springframework.test.context.support.AbstractContextLoader - Did not detect default resource location for test class [kr.mzhub.mzhub.MzHubApplicationTests]: class path resource [kr/mzhub/mzhub/MzHubApplicationTestsContext.groovy] does not exist
20:10:28.899 [Test worker] INFO org.springframework.test.context.support.AbstractContextLoader - Could not detect default resource locations for test class [kr.mzhub.mzhub.MzHubApplicationTests]: no resource found for suffixes {-context.xml, Context.groovy}.
20:10:28.899 [Test worker] INFO org.springframework.test.context.support.AnnotationConfigContextLoaderUtils - Could not detect default configuration classes for test class [kr.mzhub.mzhub.MzHubApplicationTests]: MzHubApplicationTests does not declare any static, non-private, non-final, nested classes annotated with @Configuration.
20:10:28.916 [Test worker] DEBUG org.springframework.test.context.support.ActiveProfilesUtils - Could not find an 'annotation declaring class' for annotation type [org.springframework.test.context.ActiveProfiles] and class [kr.mzhub.mzhub.MzHubApplicationTests]
20:10:28.941 [Test worker] DEBUG org.springframework.context.annotation.ClassPathScanningCandidateComponentProvider - Identified candidate component class: file [/Users/ace/Desktop/MZHub/build/classes/kotlin/main/kr/mzhub/mzhub/MzHubApplication.class]
20:10:28.942 [Test worker] INFO org.springframework.boot.test.context.SpringBootTestContextBootstrapper - Found @SpringBootConfiguration kr.mzhub.mzhub.MzHubApplication for test class kr.mzhub.mzhub.MzHubApplicationTests
20:10:28.977 [Test worker] DEBUG org.springframework.boot.test.context.SpringBootTestContextBootstrapper - @TestExecutionListeners is not present for class [kr.mzhub.mzhub.MzHubApplicationTests]: using defaults.
20:10:28.977 [Test worker] INFO org.springframework.boot.test.context.SpringBootTestContextBootstrapper - Loaded default TestExecutionListener class names from location [META-INF/spring.factories]: [org.springframework.boot.test.autoconfigure.restdocs.RestDocsTestExecutionListener, org.springframework.boot.test.autoconfigure.web.client.MockRestServiceServerResetTestExecutionListener, org.springframework.boot.test.autoconfigure.web.servlet.MockMvcPrintOnlyOnFailureTestExecutionListener, org.springframework.boot.test.autoconfigure.web.servlet.WebDriverTestExecutionListener, org.springframework.boot.test.autoconfigure.webservices.client.MockWebServiceServerTestExecutionListener, org.springframework.boot.test.mock.mockito.MockitoTestExecutionListener, org.springframework.boot.test.mock.mockito.ResetMocksTestExecutionListener, org.springframework.test.context.web.ServletTestExecutionListener, org.springframework.test.context.support.DirtiesContextBeforeModesTestExecutionListener, org.springframework.test.context.event.ApplicationEventsTestExecutionListener, org.springframework.test.context.support.DependencyInjectionTestExecutionListener, org.springframework.test.context.support.DirtiesContextTestExecutionListener, org.springframework.test.context.transaction.TransactionalTestExecutionListener, org.springframework.test.context.jdbc.SqlScriptsTestExecutionListener, org.springframework.test.context.event.EventPublishingTestExecutionListener]
20:10:28.981 [Test worker] DEBUG org.springframework.boot.test.context.SpringBootTestContextBootstrapper - Skipping candidate TestExecutionListener [org.springframework.test.context.transaction.TransactionalTestExecutionListener] due to a missing dependency. Specify custom listener classes or make the default listener classes and their required dependencies available. Offending class: [org/springframework/transaction/interceptor/TransactionAttributeSource]
20:10:28.981 [Test worker] DEBUG org.springframework.boot.test.context.SpringBootTestContextBootstrapper - Skipping candidate TestExecutionListener [org.springframework.test.context.jdbc.SqlScriptsTestExecutionListener] due to a missing dependency. Specify custom listener classes or make the default listener classes and their required dependencies available. Offending class: [org/springframework/transaction/interceptor/TransactionAttribute]
20:10:28.981 [Test worker] INFO org.springframework.boot.test.context.SpringBootTestContextBootstrapper - Using TestExecutionListeners: [org.springframework.test.context.web.ServletTestExecutionListener@5357c287, org.springframework.test.context.support.DirtiesContextBeforeModesTestExecutionListener@1623134f, org.springframework.test.context.event.ApplicationEventsTestExecutionListener@7a527389, org.springframework.boot.test.mock.mockito.MockitoTestExecutionListener@485a3466, org.springframework.boot.test.autoconfigure.SpringBootDependencyInjectionTestExecutionListener@25748410, org.springframework.test.context.support.DirtiesContextTestExecutionListener@2b43529a, org.springframework.test.context.event.EventPublishingTestExecutionListener@4264b240, org.springframework.boot.test.autoconfigure.restdocs.RestDocsTestExecutionListener@5b04476e, org.springframework.boot.test.autoconfigure.web.client.MockRestServiceServerResetTestExecutionListener@5ad10c1a, org.springframework.boot.test.autoconfigure.web.servlet.MockMvcPrintOnlyOnFailureTestExecutionListener@6bb75258, org.springframework.boot.test.autoconfigure.web.servlet.WebDriverTestExecutionListener@c260bdc, org.springframework.boot.test.autoconfigure.webservices.client.MockWebServiceServerTestExecutionListener@75e01201, org.springframework.boot.test.mock.mockito.ResetMocksTestExecutionListener@2783717b]
20:10:28.983 [Test worker] DEBUG org.springframework.test.context.support.AbstractDirtiesContextTestExecutionListener - Before test class: context [DefaultTestContext@339bf286 testClass = MzHubApplicationTests, testInstance = [null], testMethod = [null], testException = [null], mergedContextConfiguration = [WebMergedContextConfiguration@38be305c testClass = MzHubApplicationTests, locations = '{}', classes = '{class kr.mzhub.mzhub.MzHubApplication}', contextInitializerClasses = '[]', activeProfiles = '{}', propertySourceLocations = '{}', propertySourceProperties = '{org.springframework.boot.test.context.SpringBootTestContextBootstrapper=true}', contextCustomizers = set[org.springframework.boot.test.autoconfigure.actuate.metrics.MetricsExportContextCustomizerFactory$DisableMetricExportContextCustomizer@1fc32e4f, org.springframework.boot.test.autoconfigure.properties.PropertyMappingContextCustomizer@0, org.springframework.boot.test.autoconfigure.web.servlet.WebDriverContextCustomizerFactory$Customizer@61fe30, org.springframework.boot.test.context.filter.ExcludeFilterContextCustomizer@7b420819, org.springframework.boot.test.json.DuplicateJsonObjectContextCustomizerFactory$DuplicateJsonObjectContextCustomizer@4b41dd5c, org.springframework.boot.test.mock.mockito.MockitoContextCustomizer@0, org.springframework.boot.test.web.client.TestRestTemplateContextCustomizer@64bce832, org.springframework.boot.test.web.reactive.server.WebTestClientContextCustomizer@484094a5, org.springframework.boot.test.context.SpringBootTestArgs@1, org.springframework.boot.test.context.SpringBootTestWebEnvironment@7748410a], resourceBasePath = 'src/main/webapp', contextLoader = 'org.springframework.boot.test.context.SpringBootContextLoader', parent = [null]], attributes = map['org.springframework.test.context.web.ServletTestExecutionListener.activateListener' -> true]], class annotated with @DirtiesContext [false] with mode [null].

  .   ____          _            __ _ _
 /\\ / ___'_ __ _ _(_)_ __  __ _ \ \ \ \
( ( )\___ | '_ | '_| | '_ \/ _` | \ \ \ \
 \\/  ___)| |_)| | | | | || (_| |  ) ) ) )
  '  |____| .__|_| |_|_| |_\__, | / / / /
 =========|_|==============|___/=/_/_/_/
 :: Spring Boot ::                (v2.7.8)

2023-02-09 20:10:29.114  INFO 42015 --- [    Test worker] kr.mzhub.mzhub.MzHubApplicationTests     : Starting MzHubApplicationTests using Java 17.0.4.1 on aceui-MacBookPro.local with PID 42015 (started by ace in /Users/ace/Desktop/MZHub)
2023-02-09 20:10:29.115  INFO 42015 --- [    Test worker] kr.mzhub.mzhub.MzHubApplicationTests     : No active profile set, falling back to 1 default profile: "default"
2023-02-09 20:10:29.553 ERROR 42015 --- [    Test worker] i.n.r.d.DnsServerAddressStreamProviders  : Unable to load io.netty.resolver.dns.macos.MacOSDnsServerAddressStreamProvider, fallback to system defaults. This may result in incorrect DNS resolutions on MacOS. Check whether you have a dependency on 'io.netty:netty-resolver-dns-native-macos'. Use DEBUG level to see the full stack: java.lang.UnsatisfiedLinkError: failed to load the required native library
2023-02-09 20:10:29.902  INFO 42015 --- [    Test worker] kr.mzhub.mzhub.MzHubApplicationTests     : Started MzHubApplicationTests in 0.905 seconds (JVM running for 1.404)
]]></system-out>
  <system-err><![CDATA[]]></system-err>
</testsuite>
