<?xml version="1.0" encoding="UTF-8"?>
<testsuite name="kr.mzhub.mzhub.service.KimchiPremiumServiceTest" tests="1" skipped="0" failures="0" errors="0" timestamp="2023-02-19T10:47:50" hostname="noaui-MacBookPro.local" time="2.123">
  <properties/>
  <testcase name="getKimchiPremium()" classname="kr.mzhub.mzhub.service.KimchiPremiumServiceTest" time="2.123"/>
  <system-out><![CDATA[19:47:45.397 [Test worker] DEBUG org.springframework.test.context.BootstrapUtils - Instantiating CacheAwareContextLoaderDelegate from class [org.springframework.test.context.cache.DefaultCacheAwareContextLoaderDelegate]
19:47:45.410 [Test worker] DEBUG org.springframework.test.context.BootstrapUtils - Instantiating BootstrapContext using constructor [public org.springframework.test.context.support.DefaultBootstrapContext(java.lang.Class,org.springframework.test.context.CacheAwareContextLoaderDelegate)]
19:47:45.470 [Test worker] DEBUG org.springframework.test.context.BootstrapUtils - Instantiating TestContextBootstrapper for test class [kr.mzhub.mzhub.service.KimchiPremiumServiceTest] from class [org.springframework.boot.test.context.SpringBootTestContextBootstrapper]
19:47:45.493 [Test worker] INFO org.springframework.boot.test.context.SpringBootTestContextBootstrapper - Neither @ContextConfiguration nor @ContextHierarchy found for test class [kr.mzhub.mzhub.service.KimchiPremiumServiceTest], using SpringBootContextLoader
19:47:45.501 [Test worker] DEBUG org.springframework.test.context.support.AbstractContextLoader - Did not detect default resource location for test class [kr.mzhub.mzhub.service.KimchiPremiumServiceTest]: class path resource [kr/mzhub/mzhub/service/KimchiPremiumServiceTest-context.xml] does not exist
19:47:45.502 [Test worker] DEBUG org.springframework.test.context.support.AbstractContextLoader - Did not detect default resource location for test class [kr.mzhub.mzhub.service.KimchiPremiumServiceTest]: class path resource [kr/mzhub/mzhub/service/KimchiPremiumServiceTestContext.groovy] does not exist
19:47:45.502 [Test worker] INFO org.springframework.test.context.support.AbstractContextLoader - Could not detect default resource locations for test class [kr.mzhub.mzhub.service.KimchiPremiumServiceTest]: no resource found for suffixes {-context.xml, Context.groovy}.
19:47:45.502 [Test worker] INFO org.springframework.test.context.support.AnnotationConfigContextLoaderUtils - Could not detect default configuration classes for test class [kr.mzhub.mzhub.service.KimchiPremiumServiceTest]: KimchiPremiumServiceTest does not declare any static, non-private, non-final, nested classes annotated with @Configuration.
19:47:45.602 [Test worker] DEBUG org.springframework.test.context.support.ActiveProfilesUtils - Could not find an 'annotation declaring class' for annotation type [org.springframework.test.context.ActiveProfiles] and class [kr.mzhub.mzhub.service.KimchiPremiumServiceTest]
19:47:45.719 [Test worker] DEBUG org.springframework.context.annotation.ClassPathScanningCandidateComponentProvider - Identified candidate component class: file [/Users/noa/Desktop/MZHub/build/classes/kotlin/main/kr/mzhub/mzhub/MzHubApplication 2.class]
19:47:45.722 [Test worker] DEBUG org.springframework.context.annotation.ClassPathScanningCandidateComponentProvider - Identified candidate component class: file [/Users/noa/Desktop/MZHub/build/classes/kotlin/main/kr/mzhub/mzhub/MzHubApplication.class]
19:47:45.726 [Test worker] INFO org.springframework.boot.test.context.SpringBootTestContextBootstrapper - Found @SpringBootConfiguration kr.mzhub.mzhub.MzHubApplication for test class kr.mzhub.mzhub.service.KimchiPremiumServiceTest
19:47:45.837 [Test worker] DEBUG org.springframework.boot.test.context.SpringBootTestContextBootstrapper - @TestExecutionListeners is not present for class [kr.mzhub.mzhub.service.KimchiPremiumServiceTest]: using defaults.
19:47:45.840 [Test worker] INFO org.springframework.boot.test.context.SpringBootTestContextBootstrapper - Loaded default TestExecutionListener class names from location [META-INF/spring.factories]: [org.springframework.boot.test.autoconfigure.restdocs.RestDocsTestExecutionListener, org.springframework.boot.test.autoconfigure.web.client.MockRestServiceServerResetTestExecutionListener, org.springframework.boot.test.autoconfigure.web.servlet.MockMvcPrintOnlyOnFailureTestExecutionListener, org.springframework.boot.test.autoconfigure.web.servlet.WebDriverTestExecutionListener, org.springframework.boot.test.autoconfigure.webservices.client.MockWebServiceServerTestExecutionListener, org.springframework.boot.test.mock.mockito.MockitoTestExecutionListener, org.springframework.boot.test.mock.mockito.ResetMocksTestExecutionListener, org.springframework.test.context.web.ServletTestExecutionListener, org.springframework.test.context.support.DirtiesContextBeforeModesTestExecutionListener, org.springframework.test.context.event.ApplicationEventsTestExecutionListener, org.springframework.test.context.support.DependencyInjectionTestExecutionListener, org.springframework.test.context.support.DirtiesContextTestExecutionListener, org.springframework.test.context.transaction.TransactionalTestExecutionListener, org.springframework.test.context.jdbc.SqlScriptsTestExecutionListener, org.springframework.test.context.event.EventPublishingTestExecutionListener]
19:47:45.852 [Test worker] DEBUG org.springframework.boot.test.context.SpringBootTestContextBootstrapper - Skipping candidate TestExecutionListener [org.springframework.test.context.transaction.TransactionalTestExecutionListener] due to a missing dependency. Specify custom listener classes or make the default listener classes and their required dependencies available. Offending class: [org/springframework/transaction/interceptor/TransactionAttributeSource]
19:47:45.852 [Test worker] DEBUG org.springframework.boot.test.context.SpringBootTestContextBootstrapper - Skipping candidate TestExecutionListener [org.springframework.test.context.jdbc.SqlScriptsTestExecutionListener] due to a missing dependency. Specify custom listener classes or make the default listener classes and their required dependencies available. Offending class: [org/springframework/transaction/interceptor/TransactionAttribute]
19:47:45.852 [Test worker] INFO org.springframework.boot.test.context.SpringBootTestContextBootstrapper - Using TestExecutionListeners: [org.springframework.test.context.web.ServletTestExecutionListener@78fb9a67, org.springframework.test.context.support.DirtiesContextBeforeModesTestExecutionListener@73ff4fae, org.springframework.test.context.event.ApplicationEventsTestExecutionListener@21aa6d6c, org.springframework.boot.test.mock.mockito.MockitoTestExecutionListener@b968a76, org.springframework.boot.test.autoconfigure.SpringBootDependencyInjectionTestExecutionListener@2f9a01c1, org.springframework.test.context.support.DirtiesContextTestExecutionListener@2611b9a3, org.springframework.test.context.event.EventPublishingTestExecutionListener@54227100, org.springframework.boot.test.autoconfigure.restdocs.RestDocsTestExecutionListener@6b5894c8, org.springframework.boot.test.autoconfigure.web.client.MockRestServiceServerResetTestExecutionListener@1433046b, org.springframework.boot.test.autoconfigure.web.servlet.MockMvcPrintOnlyOnFailureTestExecutionListener@3f446bef, org.springframework.boot.test.autoconfigure.web.servlet.WebDriverTestExecutionListener@7829b776, org.springframework.boot.test.autoconfigure.webservices.client.MockWebServiceServerTestExecutionListener@5778826f, org.springframework.boot.test.mock.mockito.ResetMocksTestExecutionListener@5b64c4b7]
19:47:45.859 [Test worker] DEBUG org.springframework.test.context.support.AbstractDirtiesContextTestExecutionListener - Before test class: context [DefaultTestContext@55e8ec2f testClass = KimchiPremiumServiceTest, testInstance = [null], testMethod = [null], testException = [null], mergedContextConfiguration = [WebMergedContextConfiguration@4f2613d1 testClass = KimchiPremiumServiceTest, locations = '{}', classes = '{class kr.mzhub.mzhub.MzHubApplication}', contextInitializerClasses = '[]', activeProfiles = '{}', propertySourceLocations = '{}', propertySourceProperties = '{org.springframework.boot.test.context.SpringBootTestContextBootstrapper=true}', contextCustomizers = set[org.springframework.boot.test.autoconfigure.actuate.metrics.MetricsExportContextCustomizerFactory$DisableMetricExportContextCustomizer@5d066c7d, org.springframework.boot.test.autoconfigure.properties.PropertyMappingContextCustomizer@0, org.springframework.boot.test.autoconfigure.web.servlet.WebDriverContextCustomizerFactory$Customizer@602e0143, org.springframework.boot.test.context.filter.ExcludeFilterContextCustomizer@34c01041, org.springframework.boot.test.json.DuplicateJsonObjectContextCustomizerFactory$DuplicateJsonObjectContextCustomizer@7f0d96f2, org.springframework.boot.test.mock.mockito.MockitoContextCustomizer@0, org.springframework.boot.test.web.client.TestRestTemplateContextCustomizer@31c7528f, org.springframework.boot.test.web.reactive.server.WebTestClientContextCustomizer@6bffbc6d, org.springframework.boot.test.context.SpringBootTestArgs@1, org.springframework.boot.test.context.SpringBootTestWebEnvironment@87a85e1], resourceBasePath = 'src/main/webapp', contextLoader = 'org.springframework.boot.test.context.SpringBootContextLoader', parent = [null]], attributes = map['org.springframework.test.context.web.ServletTestExecutionListener.activateListener' -> true]], class annotated with @DirtiesContext [false] with mode [null].

  .   ____          _            __ _ _
 /\\ / ___'_ __ _ _(_)_ __  __ _ \ \ \ \
( ( )\___ | '_ | '_| | '_ \/ _` | \ \ \ \
 \\/  ___)| |_)| | | | | || (_| |  ) ) ) )
  '  |____| .__|_| |_|_| |_\__, | / / / /
 =========|_|==============|___/=/_/_/_/
 :: Spring Boot ::                (v2.7.8)

2023-02-19 19:47:46.327  INFO 3446 --- [    Test worker] k.m.m.service.KimchiPremiumServiceTest   : Starting KimchiPremiumServiceTest using Java 17.0.2 on noaui-MacBookPro.local with PID 3446 (started by noa in /Users/noa/Desktop/MZHub)
2023-02-19 19:47:46.329  INFO 3446 --- [    Test worker] k.m.m.service.KimchiPremiumServiceTest   : No active profile set, falling back to 1 default profile: "default"
2023-02-19 19:47:50.037  INFO 3446 --- [    Test worker] k.m.m.service.KimchiPremiumServiceTest   : Started KimchiPremiumServiceTest in 4.117 seconds (JVM running for 5.966)
2023-02-19 19:47:50.820  INFO 3446 --- [er @coroutine#1] WebClientExtension Logger                : Request Header: Content-Type: application/json
2023-02-19 19:47:50.821  INFO 3446 --- [er @coroutine#1] WebClientExtension Logger                : Request: GET https://api.binance.com/api/v3/ticker/price?symbols=%5B%22BTCUSDT%22%5D
2023-02-19 19:47:51.644  INFO 3446 --- [ctor-http-nio-2] WebClientExtension Logger                : Response Header: Content-Type: application/json;charset=UTF-8
2023-02-19 19:47:51.645  INFO 3446 --- [ctor-http-nio-2] WebClientExtension Logger                : Response Header: Content-Length: 47
2023-02-19 19:47:51.645  INFO 3446 --- [ctor-http-nio-2] WebClientExtension Logger                : Response Header: Connection: keep-alive
2023-02-19 19:47:51.645  INFO 3446 --- [ctor-http-nio-2] WebClientExtension Logger                : Response Header: Date: Sun, 19 Feb 2023 10:47:51 GMT
2023-02-19 19:47:51.645  INFO 3446 --- [ctor-http-nio-2] WebClientExtension Logger                : Response Header: Server: nginx
2023-02-19 19:47:51.645  INFO 3446 --- [ctor-http-nio-2] WebClientExtension Logger                : Response Header: x-mbx-uuid: ffb3c2a6-4de5-47eb-85df-b3676c50615c
2023-02-19 19:47:51.645  INFO 3446 --- [ctor-http-nio-2] WebClientExtension Logger                : Response Header: x-mbx-used-weight: 4
2023-02-19 19:47:51.645  INFO 3446 --- [ctor-http-nio-2] WebClientExtension Logger                : Response Header: x-mbx-used-weight-1m: 4
2023-02-19 19:47:51.645  INFO 3446 --- [ctor-http-nio-2] WebClientExtension Logger                : Response Header: Strict-Transport-Security: max-age=31536000; includeSubdomains
2023-02-19 19:47:51.645  INFO 3446 --- [ctor-http-nio-2] WebClientExtension Logger                : Response Header: X-Frame-Options: SAMEORIGIN
2023-02-19 19:47:51.645  INFO 3446 --- [ctor-http-nio-2] WebClientExtension Logger                : Response Header: X-Xss-Protection: 1; mode=block
2023-02-19 19:47:51.645  INFO 3446 --- [ctor-http-nio-2] WebClientExtension Logger                : Response Header: X-Content-Type-Options: nosniff
2023-02-19 19:47:51.645  INFO 3446 --- [ctor-http-nio-2] WebClientExtension Logger                : Response Header: Content-Security-Policy: default-src 'self'
2023-02-19 19:47:51.645  INFO 3446 --- [ctor-http-nio-2] WebClientExtension Logger                : Response Header: X-Content-Security-Policy: default-src 'self'
2023-02-19 19:47:51.645  INFO 3446 --- [ctor-http-nio-2] WebClientExtension Logger                : Response Header: X-WebKit-CSP: default-src 'self'
2023-02-19 19:47:51.646  INFO 3446 --- [ctor-http-nio-2] WebClientExtension Logger                : Response Header: Cache-Control: no-cache, no-store, must-revalidate
2023-02-19 19:47:51.646  INFO 3446 --- [ctor-http-nio-2] WebClientExtension Logger                : Response Header: Pragma: no-cache
2023-02-19 19:47:51.646  INFO 3446 --- [ctor-http-nio-2] WebClientExtension Logger                : Response Header: Expires: 0
2023-02-19 19:47:51.646  INFO 3446 --- [ctor-http-nio-2] WebClientExtension Logger                : Response Header: Access-Control-Allow-Origin: *
2023-02-19 19:47:51.646  INFO 3446 --- [ctor-http-nio-2] WebClientExtension Logger                : Response Header: Access-Control-Allow-Methods: GET, HEAD, OPTIONS
2023-02-19 19:47:51.646  INFO 3446 --- [ctor-http-nio-2] WebClientExtension Logger                : Response Header: X-Cache: Miss from cloudfront
2023-02-19 19:47:51.646  INFO 3446 --- [ctor-http-nio-2] WebClientExtension Logger                : Response Header: Via: 1.1 623f9f4dd2fef338f4704e13bada95c8.cloudfront.net (CloudFront)
2023-02-19 19:47:51.646  INFO 3446 --- [ctor-http-nio-2] WebClientExtension Logger                : Response Header: X-Amz-Cf-Pop: ICN57-P2
2023-02-19 19:47:51.646  INFO 3446 --- [ctor-http-nio-2] WebClientExtension Logger                : Response Header: X-Amz-Cf-Id: yzWExR_mIobvSOCJUpTFUe34LVbShRtyTaj_ww03slKHvgiLMbE9Gg==
2023-02-19 19:47:51.669  INFO 3446 --- [ctor-http-nio-2] WebClientExtension Logger                : Response Body: [{"symbol":"BTCUSDT","price":"24634.25000000"}]
2023-02-19 19:47:51.945  INFO 3446 --- [er @coroutine#1] WebClientExtension Logger                : Request Header: Content-Type: application/json
2023-02-19 19:47:51.947  INFO 3446 --- [er @coroutine#1] WebClientExtension Logger                : Request: GET https://api.upbit.com/v1/ticker?markets=KRW-BTC
2023-02-19 19:47:52.150  INFO 3446 --- [ctor-http-nio-3] WebClientExtension Logger                : Response Header: Date: Sun, 19 Feb 2023 10:47:52 GMT
2023-02-19 19:47:52.152  INFO 3446 --- [ctor-http-nio-3] WebClientExtension Logger                : Response Header: Content-Type: application/json;charset=UTF-8
2023-02-19 19:47:52.152  INFO 3446 --- [ctor-http-nio-3] WebClientExtension Logger                : Response Header: Transfer-Encoding: chunked
2023-02-19 19:47:52.152  INFO 3446 --- [ctor-http-nio-3] WebClientExtension Logger                : Response Header: Connection: keep-alive
2023-02-19 19:47:52.152  INFO 3446 --- [ctor-http-nio-3] WebClientExtension Logger                : Response Header: Limit-By-IP: Yes
2023-02-19 19:47:52.152  INFO 3446 --- [ctor-http-nio-3] WebClientExtension Logger                : Response Header: Remaining-Req: group=ticker; min=598; sec=9
2023-02-19 19:47:52.152  INFO 3446 --- [ctor-http-nio-3] WebClientExtension Logger                : Response Header: Vary: origin,access-control-request-method,access-control-request-headers,accept-encoding
2023-02-19 19:47:52.152  INFO 3446 --- [ctor-http-nio-3] WebClientExtension Logger                : Response Header: X-Frame-Options: DENY
2023-02-19 19:47:52.152  INFO 3446 --- [ctor-http-nio-3] WebClientExtension Logger                : Response Header: Expires: 0
2023-02-19 19:47:52.153  INFO 3446 --- [ctor-http-nio-3] WebClientExtension Logger                : Response Header: ETag: W/"003a9bd92a89c4ff09d46beeca98c6ed5"
2023-02-19 19:47:52.154  INFO 3446 --- [ctor-http-nio-3] WebClientExtension Logger                : Response Header: X-Content-Type-Options: nosniff
2023-02-19 19:47:52.154  INFO 3446 --- [ctor-http-nio-3] WebClientExtension Logger                : Response Header: X-XSS-Protection: 1; mode=block
2023-02-19 19:47:52.154  INFO 3446 --- [ctor-http-nio-3] WebClientExtension Logger                : Response Header: Cache-Control: no-cache, no-store, max-age=0, must-revalidate
2023-02-19 19:47:52.154  INFO 3446 --- [ctor-http-nio-3] WebClientExtension Logger                : Response Header: Pragma: no-cache
2023-02-19 19:47:52.161  INFO 3446 --- [ctor-http-nio-3] WebClientExtension Logger                : Response Body: [{"market":"KRW-BTC","trade_date":"20230219","trade_time":"104751","trade_date_kst":"20230219","trade_time_kst":"194751","trade_timestamp":1676803671199,"opening_price":31789000,"high_price":32065000,"low_price":31726000,"trade_price":31816000,"prev_closing_price":31789000.00000000,"change":"RISE","change_price":27000.00000000,"change_rate":0.0008493504,"signed_change_price":27000.00000000,"signed_change_rate":0.0008493504,"trade_volume":0.12559724,"acc_trade_price":114926711762.99274000,"acc_trade_price_24h":181370900625.96120000,"acc_trade_volume":3604.32461925,"acc_trade_volume_24h":5697.01447025,"highest_52_week_price":57678000.00000000,"highest_52_week_date":"2022-03-28","lowest_52_week_price":20700000.00000000,"lowest_52_week_date":"2022-12-30","timestamp":1676803671239}]
-0.6554092280613528
]]></system-out>
  <system-err><![CDATA[]]></system-err>
</testsuite>
